<?xml version="1.0" encoding="UTF-8"?>
<testsuite name="displayname.DisplayNameGeneratorDemo$A_year_is_not_supported" tests="1" skipped="0" failures="0" errors="0" timestamp="2019-10-25T10:00:14" hostname="kakaoui-MacBook-Pro.local" time="0.012">
  <properties/>
  <testcase name="if_it_is_zero()" classname="displayname.DisplayNameGeneratorDemo$A_year_is_not_supported" time="0.012"/>
  <system-out><![CDATA[]]></system-out>
  <system-err><![CDATA[]]></system-err>
</testsuite>
